// 重构日志: 5eb02613
// 重构日志: c079f583
// 同步 ID: 6007224c @ Fri Jun 26 07:11:29 UTC 2026
// 同步 ID: a8e9c4a8 @ Fri Jun 26 11:00:08 UTC 2026
// 重构日志: 610e314f
// 重构日志: bb252a25
// 重构日志: 038bbef4
// 重构日志: 083a3ca4
// 同步 ID: 4438e5f3 @ Sun Jun 28 10:37:35 UTC 2026
// 重构日志: 65ba80ba
// 重构日志: 5a647aa5
// 重构日志: d5265007
// 重构日志: 0121a2c8
// 重构日志: dfca68bf
// 重构日志: cb1c001e
// 重构日志: d7430a40
// 同步 ID: bb518ef5 @ Thu Jul  2 20:01:52 UTC 2026
// 重构日志: cf61bc97
// 重构日志: ab934a7d
// 重构日志: aac7a311
// 同步 ID: d741d905 @ Fri Jul  3 15:21:23 UTC 2026
// 重构日志: d835334a
// 同步 ID: 94ef72c9 @ Sat Jul  4 09:25:06 UTC 2026
// 同步 ID: 269af121 @ Sun Jul  5 06:32:10 UTC 2026
// 重构日志: fa4db34e
// 重构日志: adf3af70
// 同步 ID: 01061e7c @ Tue Jul  7 14:08:44 UTC 2026
// 重构日志: 64bcc31e
// 重构日志: 5c1f8c95
// 同步 ID: 3559914d @ Wed Jul  8 22:54:33 UTC 2026
